Nx=15, Nt=60
dx=0.0667, dt=0.05
CPU time : 0.07042429223656654 Using Nx = 15 And Nt= 60 procs 16
Number of SNES iterations = : 5
Number of Linear iterations = 5
Nx=30, Nt=120
dx=0.0333, dt=0.025
CPU time : 0.19570359773933887 Using Nx = 30 And Nt= 120 procs 16
Number of SNES iterations = : 4
Number of Linear iterations = 4
Nx=60, Nt=240
dx=0.0167, dt=0.0125
CPU time : 0.8707950916141272 Using Nx = 60 And Nt= 240 procs 16
Number of SNES iterations = : 4
Number of Linear iterations = 4
Nx=120, Nt=480
dx=0.0083, dt=0.0063
CPU time : 3.9964146856218576 Using Nx = 120 And Nt= 480 procs 16
Number of SNES iterations = : 4
Number of Linear iterations = 4
Nx=240, Nt=960
dx=0.0042, dt=0.0031
CPU time : 17.83888791501522 Using Nx = 240 And Nt= 960 procs 16
Number of SNES iterations = : 4
Number of Linear iterations = 4
Nx=480, Nt=1920
dx=0.0021, dt=0.0016
CPU time : 81.79813141934574 Using Nx = 480 And Nt= 1920 procs 16
Number of SNES iterations = : 4
Number of Linear iterations = 4
Nx=960, Nt=3840
dx=0.001, dt=0.0008
CPU time : 415.64167341031134 Using Nx = 960 And Nt= 3840 procs 16
Number of SNES iterations = : 4
Number of Linear iterations = 4
Nx=1920, Nt=7680
dx=0.0005, dt=0.0004
[4]PETSC ERROR: ------------------------------------------------------------------------
[4]PETSC ERROR: Caught signal number 11 SEGV: Segmentation Violation, probably memory access out of range
[4]PETSC ERROR: Try option -start_in_debugger or -on_error_attach_debugger
[4]PETSC ERROR: or see https://petsc.org/release/faq/#valgrind and https://petsc.org/release/faq/
[4]PETSC ERROR: configure using --with-debugging=yes, recompile, link, and run 
[4]PETSC ERROR: to get more information on the crash.
[4]PETSC ERROR: Run with -malloc_debug to check if memory corruption is causing the crash.
--------------------------------------------------------------------------
MPI_ABORT was invoked on rank 4 in communicator MPI_COMM_WORLD
with errorcode 59.

NOTE: invoking MPI_ABORT causes Open MPI to kill all MPI processes.
You may or may not see output from other processes, depending on
exactly when Open MPI kills them.
--------------------------------------------------------------------------

