Nx=15, Nt=60
dx=0.0667, dt=0.05
CPU time : 0.08007523603737354 Using Nx = 15 And Nt= 60 procs 56
Number of SNES iterations = : 5
Number of Linear iterations = 5
Nx=30, Nt=120
dx=0.0333, dt=0.025
CPU time : 0.18654445372521877 Using Nx = 30 And Nt= 120 procs 56
Number of SNES iterations = : 4
Number of Linear iterations = 4
Nx=60, Nt=240
dx=0.0167, dt=0.0125
CPU time : 0.7639664728194475 Using Nx = 60 And Nt= 240 procs 56
Number of SNES iterations = : 4
Number of Linear iterations = 4
Nx=120, Nt=480
dx=0.0083, dt=0.0063
CPU time : 3.5443490259349346 Using Nx = 120 And Nt= 480 procs 56
Number of SNES iterations = : 4
Number of Linear iterations = 4
Nx=240, Nt=960
dx=0.0042, dt=0.0031
CPU time : 16.600792745128274 Using Nx = 240 And Nt= 960 procs 56
Number of SNES iterations = : 4
Number of Linear iterations = 4
Nx=480, Nt=1920
dx=0.0021, dt=0.0016
CPU time : 74.98548763990402 Using Nx = 480 And Nt= 1920 procs 56
Number of SNES iterations = : 4
Number of Linear iterations = 4
Nx=960, Nt=3840
dx=0.001, dt=0.0008
CPU time : 342.04791031964123 Using Nx = 960 And Nt= 3840 procs 56
Number of SNES iterations = : 4
Number of Linear iterations = 4
Nx=1920, Nt=7680
dx=0.0005, dt=0.0004
CPU time : 2005.969412188977 Using Nx = 1920 And Nt= 7680 procs 56
Number of SNES iterations = : 4
Number of Linear iterations = 4
Nx=3840, Nt=15360
dx=0.0003, dt=0.0002
   Current memory used:  2831278464 bytes
   Maximum memory used:  2831278464 bytes
***Memory allocation failed for CompressGraph: keys. Requested size: 1415639040 bytes
   Current memory used:  2831278464 bytes
   Maximum memory used:  2831278464 bytes
***Memory allocation failed for CompressGraph: keys. Requested size: 1415639040 bytes
   Current memory used:  2831278464 bytes
   Maximum memory used:  2831278464 bytes
***Memory allocation failed for CompressGraph: keys. Requested size: 1415639040 bytes
   Current memory used:  2123458944 bytes
   Maximum memory used:  2123458944 bytes
***Memory allocation failed for CompressGraph: map. Requested size: 707819520 bytes
   Current memory used:  2123458944 bytes
   Maximum memory used:  2123458944 bytes
***Memory allocation failed for CompressGraph: map. Requested size: 707819520 bytes
   Current memory used:  2831278464 bytes
   Maximum memory used:  2831278464 bytes
***Memory allocation failed for CompressGraph: keys. Requested size: 1415639040 bytes
   Current memory used:  2831278464 bytes
   Maximum memory used:  2831278464 bytes
***Memory allocation failed for CompressGraph: keys. Requested size: 1415639040 bytes
   Current memory used:  2123458944 bytes
   Maximum memory used:  2123458944 bytes
***Memory allocation failed for CompressGraph: map. Requested size: 707819520 bytes
   Current memory used:  2123458944 bytes
   Maximum memory used:  2123458944 bytes
***Memory allocation failed for CompressGraph: map. Requested size: 707819520 bytes
   Current memory used:  2123458944 bytes
   Maximum memory used:  2123458944 bytes
***Memory allocation failed for CompressGraph: map. Requested size: 707819520 bytes
   Current memory used:  2831278464 bytes
   Maximum memory used:  2831278464 bytes
***Memory allocation failed for CompressGraph: keys. Requested size: 1415639040 bytes
   Current memory used:  2123458944 bytes
   Maximum memory used:  2123458944 bytes
***Memory allocation failed for CompressGraph: map. Requested size: 707819520 bytes
   Current memory used:  2123458944 bytes
   Maximum memory used:  2123458944 bytes
***Memory allocation failed for CompressGraph: map. Requested size: 707819520 bytes
--------------------------------------------------------------------------
Primary job  terminated normally, but 1 process returned
a non-zero exit code. Per user-direction, the job has been aborted.
--------------------------------------------------------------------------
--------------------------------------------------------------------------
mpirun noticed that process rank 0 with PID 2646070 on node slurm-himem-h22a8-u7-sv exited on signal 9 (Killed).
--------------------------------------------------------------------------
slurmstepd: error: *** JOB 1588311 STEPD TERMINATED ON slurm-himem-h22a8-u7-sv AT 2023-03-22T22:33:02 DUE TO JOB NOT ENDING WITH SIGNALS ***

