Nx=15, Nt=60
dx=0.0667, dt=0.05
CPU time : 0.09845617500104709 Using Nx = 15 And Nt= 60 procs 56
Number of SNES iterations = : 7
Number of Linear iterations = 7
Nx=30, Nt=120
dx=0.0333, dt=0.025
CPU time : 0.33784961399942404 Using Nx = 30 And Nt= 120 procs 56
Number of SNES iterations = : 9
Number of Linear iterations = 9
Nx=60, Nt=240
dx=0.0167, dt=0.0125
CPU time : 1.6643360289963312 Using Nx = 60 And Nt= 240 procs 56
Number of SNES iterations = : 11
Number of Linear iterations = 11
Nx=120, Nt=480
dx=0.0083, dt=0.0063
CPU time : 11.004051921001519 Using Nx = 120 And Nt= 480 procs 56
Number of SNES iterations = : 15
Number of Linear iterations = 15
Nx=240, Nt=960
dx=0.0042, dt=0.0031
CPU time : 59.16872244499973 Using Nx = 240 And Nt= 960 procs 56
Number of SNES iterations = : 17
Number of Linear iterations = 17
Nx=480, Nt=1920
dx=0.0021, dt=0.0016
CPU time : 317.4308009919987 Using Nx = 480 And Nt= 1920 procs 56
Number of SNES iterations = : 19
Number of Linear iterations = 19
Nx=960, Nt=3840
dx=0.001, dt=0.0008
CPU time : 2021.921674127996 Using Nx = 960 And Nt= 3840 procs 56
Number of SNES iterations = : 22
Number of Linear iterations = 22
Nx=1920, Nt=7680
dx=0.0005, dt=0.0004
CPU time : 21228.089957325 Using Nx = 1920 And Nt= 7680 procs 56
Number of SNES iterations = : 25
Number of Linear iterations = 25
Nx=3840, Nt=15360
dx=0.0003, dt=0.0002
SUPERLU_MALLOC fails for b_colptr[] at line 392 in file /home/amal.machtalay/petsc/arch-linux-c-opt/externalpackages/git.superlu_dist/SRC/get_perm_c.c
   Current memory used:  2123458944 bytes
   Maximum memory used:  2123458944 bytes
***Memory allocation failed for CompressGraph: map. Requested size: 707819520 bytes
   Current memory used:  2123458944 bytes
   Maximum memory used:  2123458944 bytes
***Memory allocation failed for CompressGraph: map. Requested size: 707819520 bytes
SUPERLU_MALLOC fails for b_colptr[] at line 392 in file /home/amal.machtalay/petsc/arch-linux-c-opt/externalpackages/git.superlu_dist/SRC/get_perm_c.c
SUPERLU_MALLOC fails for b_colptr[] at line 392 in file /home/amal.machtalay/petsc/arch-linux-c-opt/externalpackages/git.superlu_dist/SRC/get_perm_c.c
SUPERLU_MALLOC fails for b_colptr[] at line 392 in file /home/amal.machtalay/petsc/arch-linux-c-opt/externalpackages/git.superlu_dist/SRC/get_perm_c.c
SUPERLU_MALLOC fails for b_colptr[] at line 392 in file /home/amal.machtalay/petsc/arch-linux-c-opt/externalpackages/git.superlu_dist/SRC/get_perm_c.c
SUPERLU_MALLOC fails for b_colptr[] at line 392 in file /home/amal.machtalay/petsc/arch-linux-c-opt/externalpackages/git.superlu_dist/SRC/get_perm_c.c
SUPERLU_MALLOC fails for b_colptr[] at line 392 in file /home/amal.machtalay/petsc/arch-linux-c-opt/externalpackages/git.superlu_dist/SRC/get_perm_c.c
SUPERLU_MALLOC fails for b_colptr[] at line 392 in file /home/amal.machtalay/petsc/arch-linux-c-opt/externalpackages/git.superlu_dist/SRC/get_perm_c.c
SUPERLU_MALLOC fails for b_colptr[] at line 392 in file /home/amal.machtalay/petsc/arch-linux-c-opt/externalpackages/git.superlu_dist/SRC/get_perm_c.c
SUPERLU_MALLOC fails for b_colptr[] at line 392 in file /home/amal.machtalay/petsc/arch-linux-c-opt/externalpackages/git.superlu_dist/SRC/get_perm_c.c
SUPERLU_MALLOC fails for b_colptr[] at line 392 in file /home/amal.machtalay/petsc/arch-linux-c-opt/externalpackages/git.superlu_dist/SRC/get_perm_c.c
SUPERLU_MALLOC fails for b_colptr[] at line 392 in file /home/amal.machtalay/petsc/arch-linux-c-opt/externalpackages/git.superlu_dist/SRC/get_perm_c.c
SUPERLU_MALLOC fails for b_colptr[] at line 392 in file /home/amal.machtalay/petsc/arch-linux-c-opt/externalpackages/git.superlu_dist/SRC/get_perm_c.c
SUPERLU_MALLOC fails for b_colptr[] at line 392 in file /home/amal.machtalay/petsc/arch-linux-c-opt/externalpackages/git.superlu_dist/SRC/get_perm_c.c
SUPERLU_MALLOC fails for b_colptr[] at line 392 in file /home/amal.machtalay/petsc/arch-linux-c-opt/externalpackages/git.superlu_dist/SRC/get_perm_c.c
SUPERLU_MALLOC fails for b_colptr[] at line 392 in file /home/amal.machtalay/petsc/arch-linux-c-opt/externalpackages/git.superlu_dist/SRC/get_perm_c.c
SUPERLU_MALLOC fails for b_colptr[] at line 392 in file /home/amal.machtalay/petsc/arch-linux-c-opt/externalpackages/git.superlu_dist/SRC/get_perm_c.c
SUPERLU_MALLOC fails for b_colptr[] at line 392 in file /home/amal.machtalay/petsc/arch-linux-c-opt/externalpackages/git.superlu_dist/SRC/get_perm_c.c
SUPERLU_MALLOC fails for b_colptr[] at line 392 in file /home/amal.machtalay/petsc/arch-linux-c-opt/externalpackages/git.superlu_dist/SRC/get_perm_c.c
SUPERLU_MALLOC fails for b_colptr[] at line 392 in file /home/amal.machtalay/petsc/arch-linux-c-opt/externalpackages/git.superlu_dist/SRC/get_perm_c.c
SUPERLU_MALLOC fails for b_colptr[] at line 392 in file /home/amal.machtalay/petsc/arch-linux-c-opt/externalpackages/git.superlu_dist/SRC/get_perm_c.c
SUPERLU_MALLOC fails for b_colptr[] at line 392 in file /home/amal.machtalay/petsc/arch-linux-c-opt/externalpackages/git.superlu_dist/SRC/get_perm_c.c
SUPERLU_MALLOC fails for b_colptr[] at line 392 in file /home/amal.machtalay/petsc/arch-linux-c-opt/externalpackages/git.superlu_dist/SRC/get_perm_c.c
SUPERLU_MALLOC fails for b_colptr[] at line 392 in file /home/amal.machtalay/petsc/arch-linux-c-opt/externalpackages/git.superlu_dist/SRC/get_perm_c.c
   Current memory used:  2123458944 bytes
   Maximum memory used:  2123458944 bytes
***Memory allocation failed for CompressGraph: map. Requested size: 707819520 bytes
--------------------------------------------------------------------------
Primary job  terminated normally, but 1 process returned
a non-zero exit code. Per user-direction, the job has been aborted.
--------------------------------------------------------------------------
--------------------------------------------------------------------------
mpirun detected that one or more processes exited with non-zero status, thus causing
the job to be terminated. The first process to do so was:

  Process name: [[23404,1],50]
  Exit code:    255
--------------------------------------------------------------------------

