Nx=15, Nt=60
dx=0.0667, dt=0.05
CPU time : 0.3339154850691557 Using Nx = 15 And Nt= 60 procs 1
Number of SNES iterations = : 9
Number of Linear iterations = 9
Nx=30, Nt=120
dx=0.0333, dt=0.025
CPU time : 0.8362785838544369 Using Nx = 30 And Nt= 120 procs 1
Number of SNES iterations = : 5
Number of Linear iterations = 5
Nx=60, Nt=240
dx=0.0167, dt=0.0125
CPU time : 4.017653502523899 Using Nx = 60 And Nt= 240 procs 1
Number of SNES iterations = : 5
Number of Linear iterations = 5
Nx=120, Nt=480
dx=0.0083, dt=0.0063
CPU time : 23.654211595654488 Using Nx = 120 And Nt= 480 procs 1
Number of SNES iterations = : 6
Number of Linear iterations = 6
Nx=240, Nt=960
dx=0.0042, dt=0.0031
CPU time : 128.77587178908288 Using Nx = 240 And Nt= 960 procs 1
Number of SNES iterations = : 6
Number of Linear iterations = 6
Nx=480, Nt=1920
dx=0.0021, dt=0.0016
CPU time : 924.3919739797711 Using Nx = 480 And Nt= 1920 procs 1
Number of SNES iterations = : 7
Number of Linear iterations = 7
Nx=960, Nt=3840
dx=0.001, dt=0.0008
[0]PETSC ERROR: ------------------------------------------------------------------------
[0]PETSC ERROR: Caught signal number 11 SEGV: Segmentation Violation, probably memory access out of range
[0]PETSC ERROR: Try option -start_in_debugger or -on_error_attach_debugger
[0]PETSC ERROR: or see https://petsc.org/release/faq/#valgrind and https://petsc.org/release/faq/
[0]PETSC ERROR: configure using --with-debugging=yes, recompile, link, and run 
[0]PETSC ERROR: to get more information on the crash.
[0]PETSC ERROR: Run with -malloc_debug to check if memory corruption is causing the crash.
--------------------------------------------------------------------------
MPI_ABORT was invoked on rank 0 in communicator MPI_COMM_WORLD
with errorcode 59.

NOTE: invoking MPI_ABORT causes Open MPI to kill all MPI processes.
You may or may not see output from other processes, depending on
exactly when Open MPI kills them.
--------------------------------------------------------------------------

